<?xml version="1.0" encoding="UTF-8"?>
<!-- Generated by org.testng.reporters.JUnitXMLReporter -->
<testsuite ignored="0" hostname="DESKTOP-989B3IM" failures="0" tests="3" name="Default test" time="19.577" errors="0" timestamp="2021-07-19T12:07:38 CDT">
  <testcase classname="test.GuiTest" name="myChromeTest" time="7.988"/>
  <testcase classname="test.GuiTest" name="myFFTest" time="5.581"/>
  <testcase classname="test.GuiTest" name="myOperaTest" time="5.758"/>
</testsuite> <!-- Default test -->
