<?xml version="1.0" encoding="UTF-8"?>
<testng-results ignored="0" total="3" passed="3" failed="0" skipped="0">
  <reporter-output>
  </reporter-output>
  <suite started-at="2021-07-19T12:07:18 CDT" name="Default suite" finished-at="2021-07-19T12:07:38 CDT" duration-ms="19577">
    <groups>
    </groups>
    <test started-at="2021-07-19T12:07:18 CDT" name="Default test" finished-at="2021-07-19T12:07:38 CDT" duration-ms="19577">
      <class name="test.GuiTest">
        <test-method signature="myChromeTest()[pri:0, instance:test.GuiTest@732bb66d]" started-at="2021-07-19T12:07:18 CDT" name="myChromeTest" finished-at="2021-07-19T12:07:26 CDT" duration-ms="7988" status="PASS">
          <reporter-output>
          </reporter-output>
        </test-method> <!-- myChromeTest -->
        <test-method signature="myFFTest()[pri:0, instance:test.GuiTest@732bb66d]" started-at="2021-07-19T12:07:26 CDT" name="myFFTest" finished-at="2021-07-19T12:07:32 CDT" duration-ms="5581" status="PASS">
          <reporter-output>
          </reporter-output>
        </test-method> <!-- myFFTest -->
        <test-method signature="myOperaTest()[pri:0, instance:test.GuiTest@732bb66d]" started-at="2021-07-19T12:07:32 CDT" name="myOperaTest" finished-at="2021-07-19T12:07:38 CDT" duration-ms="5758" status="PASS">
          <reporter-output>
          </reporter-output>
        </test-method> <!-- myOperaTest -->
      </class> <!-- test.GuiTest -->
    </test> <!-- Default test -->
  </suite> <!-- Default suite -->
</testng-results>
